\BOOKMARK [0][-]{chapter.1}{\376\377\000G\000i\000t\000\040\000a\000n\000d\000\040\000g\000i\000t\000h\000u\000b}{}% 1
\BOOKMARK [1][-]{section.1.1}{\376\377\000A\000l\000g\000u\000n\000a\000s\000\040\000e\000x\000t\000e\000n\000s\000i\000o\000n\000e\000s\000\040\000d\000e\000\040\000V\000S\000C\000o\000d\000e\000\040\000p\000a\000r\000a\000\040\000G\000i\000t}{chapter.1}% 2
\BOOKMARK [2][-]{subsection.1.1.1}{\376\377\000G\000i\000t\000\040\000H\000i\000s\000t\000o\000r\000y}{section.1.1}% 3
\BOOKMARK [2][-]{subsection.1.1.2}{\376\377\000G\000i\000t\000\040\000B\000l\000a\000m\000e}{section.1.1}% 4
\BOOKMARK [2][-]{subsection.1.1.3}{\376\377\000G\000i\000t\000\040\000L\000e\000n\000s}{section.1.1}% 5
\BOOKMARK [1][-]{section.1.2}{\376\377\000F\000u\000n\000d\000a\000m\000e\000n\000t\000o\000s\000\040\000d\000e\000\040\000G\000i\000t\000:\000\040\000c\000\363\000m\000o\000\040\000f\000u\000n\000c\000i\000o\000n\000a\000\040\000p\000o\000r\000\040\000d\000e\000n\000t\000r\000o}{chapter.1}% 6
\BOOKMARK [2][-]{subsection.1.2.1}{\376\377\000C\000r\000e\000a\000r\000\040\000u\000n\000\040\000n\000u\000e\000v\000o\000\040\000r\000e\000p\000o\000s\000i\000t\000o\000r\000i\000o}{section.1.2}% 7
\BOOKMARK [2][-]{subsection.1.2.2}{\376\377\000O\000b\000j\000e\000t\000o\000s\000\040\000e\000n\000\040\000G\000i\000t}{section.1.2}% 8
\BOOKMARK [2][-]{subsection.1.2.3}{\376\377\000J\000S\000O\000N}{section.1.2}% 9
\BOOKMARK [2][-]{subsection.1.2.4}{\376\377\000H\000a\000s\000h}{section.1.2}% 10
\BOOKMARK [2][-]{subsection.1.2.5}{\376\377\000E\000x\000p\000l\000o\000r\000a\000c\000i\000\363\000n\000\040\000d\000e\000\040\000o\000b\000j\000e\000t\000o\000s\000\040\000d\000e\000\040\000g\000i\000t\000\040\000m\000e\000d\000i\000a\000n\000t\000e\000\040\000c\000a\000t}{section.1.2}% 11
\BOOKMARK [2][-]{subsection.1.2.6}{\376\377\000C\000r\000e\000a\000c\000i\000\363\000n\000\040\000d\000e\000\040\000o\000b\000j\000e\000t\000o\000s\000\040\000m\000e\000d\000i\000a\000n\000t\000e\000\040\000c\000o\000m\000a\000n\000d\000o\000s\000\040\000d\000e\000\040\000g\000i\000t}{section.1.2}% 12
\BOOKMARK [2][-]{subsection.1.2.7}{\376\377\000T\000r\000e\000e}{section.1.2}% 13
\BOOKMARK [2][-]{subsection.1.2.8}{\376\377\000P\000e\000r\000m\000i\000s\000o\000s\000\040\000d\000e\000\040\000o\000b\000j\000e\000t\000o\000s\000\040\000d\000e\000\040\000g\000i\000t}{section.1.2}% 14
\BOOKMARK [2][-]{subsection.1.2.9}{\376\377\000C\000r\000e\000a\000c\000i\000\363\000n\000\040\000d\000e\000\040\000o\000b\000j\000e\000t\000o\000s\000\040\000T\000r\000e\000e}{section.1.2}% 15
\BOOKMARK [2][-]{subsection.1.2.10}{\376\377\000T\000r\000e\000s\000\040\000p\000i\000l\000a\000r\000e\000s\000\040\000i\000m\000p\000o\000r\000t\000a\000n\000t\000e\000s}{section.1.2}% 16
\BOOKMARK [2][-]{subsection.1.2.11}{\376\377\000G\000i\000t\000\040\000c\000h\000e\000c\000k\000o\000u\000t\000\040\000i\000n\000d\000e\000x}{section.1.2}% 17
\BOOKMARK [1][-]{section.1.3}{\376\377\000O\000p\000e\000r\000a\000c\000i\000o\000n\000e\000s\000\040\000b\000\341\000s\000i\000c\000a\000s\000\040\000d\000e\000\040\000G\000i\000t}{chapter.1}% 18
\BOOKMARK [2][-]{subsection.1.3.1}{\376\377\000\277\000Q\000u\000\351\000\040\000e\000s\000\040\000c\000o\000m\000m\000i\000t\000?}{section.1.3}% 19
\BOOKMARK [2][-]{subsection.1.3.2}{\376\377\000C\000r\000e\000a\000c\000i\000\363\000n\000\040\000d\000e\000\040\000l\000a\000s\000\040\000p\000r\000i\000m\000e\000r\000a\000s\000\040\000v\000e\000r\000s\000i\000o\000n\000e\000s}{section.1.3}% 20
\BOOKMARK [2][-]{subsection.1.3.3}{\376\377\000C\000o\000m\000a\000n\000d\000o\000s\000\040\000b\000\341\000s\000i\000c\000o\000s\000\040\000d\000e\000\040\000g\000i\000t}{section.1.3}% 21
\BOOKMARK [2][-]{subsection.1.3.4}{\376\377\000H\000i\000s\000t\000o\000r\000i\000a\000l\000\040\000d\000e\000\040\000u\000n\000\040\000a\000r\000c\000h\000i\000v\000o}{section.1.3}% 22
\BOOKMARK [1][-]{section.1.4}{\376\377\000L\000a\000s\000\040\000r\000a\000m\000a\000s}{chapter.1}% 23
\BOOKMARK [2][-]{subsection.1.4.1}{\376\377\000H\000E\000A\000D}{section.1.4}% 24
\BOOKMARK [1][-]{section.1.5}{\376\377\000R\000e\000p\000o\000s\000i\000t\000o\000r\000i\000o\000s\000\040\000r\000e\000m\000o\000t\000o\000s}{chapter.1}% 25
\BOOKMARK [2][-]{subsection.1.5.1}{\376\377\000g\000i\000t\000\040\000d\000i\000f\000f}{section.1.5}% 26
\BOOKMARK [1][-]{section.1.6}{\376\377\000F\000u\000s\000i\000\363\000n\000\040\000o\000\040\000c\000o\000m\000b\000i\000n\000a\000c\000i\000\363\000n\000\040\000d\000e\000\040\000r\000a\000m\000a\000s}{chapter.1}% 27
\BOOKMARK [2][-]{subsection.1.6.1}{\376\377\000c\000o\000n\000f\000l\000i\000c\000t\000o\000s\000\040\000d\000e\000\040\000f\000u\000s\000i\000\363\000n}{section.1.6}% 28
\BOOKMARK [1][-]{section.1.7}{\376\377\000C\000o\000m\000a\000n\000d\000o\000s\000\040\000p\000a\000r\000a\000\040\000l\000o\000s\000\040\000r\000e\000p\000o\000s\000i\000t\000o\000r\000i\000o\000s\000\040\000r\000e\000m\000o\000t\000o\000s}{chapter.1}% 29
\BOOKMARK [2][-]{subsection.1.7.1}{\376\377\000G\000i\000t\000\040\000p\000u\000s\000h}{section.1.7}% 30
\BOOKMARK [2][-]{subsection.1.7.2}{\376\377\000G\000i\000t\000\040\000f\000e\000t\000c\000h\000\040\000y\000\040\000p\000u\000l\000l}{section.1.7}% 31
\BOOKMARK [2][-]{subsection.1.7.3}{\376\377\000R\000a\000m\000a\000s\000\040\000r\000a\000s\000t\000r\000e\000a\000d\000a\000s}{section.1.7}% 32
\BOOKMARK [2][-]{subsection.1.7.4}{\376\377\000P\000r\000o\000c\000e\000s\000o\000\040\000p\000u\000l\000l}{section.1.7}% 33
\BOOKMARK [2][-]{subsection.1.7.5}{\376\377\000F\000e\000t\000c\000h\000\040\000h\000e\000a\000d}{section.1.7}% 34
\BOOKMARK [2][-]{subsection.1.7.6}{\376\377\000G\000i\000t\000\040\000p\000u\000l\000l\000\040\000c\000o\000n\000\040\000m\000o\000d\000i\000f\000i\000c\000a\000c\000i\000o\000n\000\040\000d\000e\000\040\000r\000e\000p\000o\000s\000i\000t\000o\000r\000i\000o\000\040\000r\000e\000m\000o\000t\000o}{section.1.7}% 35
\BOOKMARK [2][-]{subsection.1.7.7}{\376\377\000S\000u\000b\000i\000d\000a\000\040\000d\000e\000\040\000c\000a\000m\000b\000i\000o\000s\000\040\000a\000l\000\040\000r\000e\000p\000o\000s\000i\000t\000o\000r\000i\000o\000\040\000r\000e\000m\000o\000t\000o}{section.1.7}% 36
\BOOKMARK [2][-]{subsection.1.7.8}{\376\377\000D\000e\000\040\000r\000a\000m\000a\000\040\000l\000o\000c\000a\000l\000\040\000a\000\040\000r\000a\000m\000a\000\040\000n\000u\000e\000v\000a\000\040\000r\000e\000m\000o\000t\000a}{section.1.7}% 37
\BOOKMARK [2][-]{subsection.1.7.9}{\376\377\000A\000c\000t\000u\000a\000l\000i\000z\000a\000c\000i\000\363\000n\000\040\000d\000e\000\040\000e\000s\000t\000a\000d\000o\000s\000\040\000d\000e\000\040\000r\000a\000m\000a\000s}{section.1.7}% 38
\BOOKMARK [1][-]{section.1.8}{\376\377\000P\000u\000l\000l\000\040\000R\000e\000q\000u\000e\000s\000t\000s}{chapter.1}% 39
\BOOKMARK [2][-]{subsection.1.8.1}{\376\377\000P\000a\000s\000o\000\040\000a\000\040\000p\000a\000s\000o\000\040\000d\000e\000l\000\040\000p\000r\000o\000c\000e\000s\000o\000\040\000d\000e\000\040\000s\000o\000l\000i\000c\000i\000t\000u\000d\000e\000s\000\040\000d\000e\000\040\000i\000n\000t\000e\000g\000r\000a\000c\000i\000\363\000n}{section.1.8}% 40
\BOOKMARK [0][-]{chapter.2}{\376\377\000E\000s\000s\000e\000n\000t\000i\000a\000l\000s\000\040\000f\000o\000r\000\040\000C\000i\000b\000e\000r\000s\000e\000c\000u\000r\000i\000t\000y}{}% 41
\BOOKMARK [1][-]{subsection.2.0.1}{\376\377\000H\000e\000r\000r\000a\000m\000i\000e\000n\000t\000a\000s\000\040\000d\000e\000\040\000g\000e\000s\000t\000i\000\363\000n}{chapter.2}% 42
